Godot Engine v3.2.3.stable.official - https://godotengine.org
OpenGL ES 3.0 Renderer: GeForce RTX 2080 SUPER/PCIe/SSE2
 
Finished Loading Ship
Check data drop
Check data drop
Check data drop
Check data drop
Check data drop
Check data drop
Check data drop
Can slot accept {turret_icon:[StreamTexture:1245], turret_type:ballista}?
Can slot accept {turret_icon:[StreamTexture:1245], turret_type:ballista}?
Can slot accept {turret_icon:[StreamTexture:1245], turret_type:ballista}?
Can slot accept {turret_icon:[StreamTexture:1245], turret_type:ballista}?
Can slot accept {turret_icon:[StreamTexture:1245], turret_type:ballista}?
Can slot accept {turret_icon:[StreamTexture:1245], turret_type:ballista}?
Acquired data: {turret_icon:[StreamTexture:1245], turret_type:ballista}
Check data drop
Check data drop
Check data drop
Can slot accept {turret_icon:[StreamTexture:1232], turret_type:basic}?
Can slot accept {turret_icon:[StreamTexture:1232], turret_type:basic}?
Can slot accept {turret_icon:[StreamTexture:1232], turret_type:basic}?
Can slot accept {turret_icon:[StreamTexture:1232], turret_type:basic}?
Can slot accept {turret_icon:[StreamTexture:1232], turret_type:basic}?
Can slot accept {turret_icon:[StreamTexture:1232], turret_type:basic}?
Acquired data: {turret_icon:[StreamTexture:1232], turret_type:basic}
Check data drop
Check data drop
Check data drop
Check data drop
Check data drop
Check data drop
Check data drop
Check data drop
Check data drop
Can slot accept {turret_icon:[StreamTexture:1232], turret_type:basic}?
Can slot accept {turret_icon:[StreamTexture:1232], turret_type:basic}?
Can slot accept {turret_icon:[StreamTexture:1232], turret_type:basic}?
Can slot accept {turret_icon:[StreamTexture:1232], turret_type:basic}?
Can slot accept {turret_icon:[StreamTexture:1232], turret_type:basic}?
Acquired data: {turret_icon:[StreamTexture:1232], turret_type:basic}
Check data drop
Check data drop
Check data drop
Can slot accept {turret_icon:[StreamTexture:1232], turret_type:basic}?
Can slot accept {turret_icon:[StreamTexture:1232], turret_type:basic}?
Can slot accept {turret_icon:[StreamTexture:1232], turret_type:basic}?
Can slot accept {turret_icon:[StreamTexture:1232], turret_type:basic}?
Can slot accept {turret_icon:[StreamTexture:1232], turret_type:basic}?
Can slot accept {turret_icon:[StreamTexture:1232], turret_type:basic}?
Can slot accept {turret_icon:[StreamTexture:1232], turret_type:basic}?
Can slot accept {turret_icon:[StreamTexture:1232], turret_type:basic}?
Acquired data: {turret_icon:[StreamTexture:1232], turret_type:basic}
