Godot Engine v3.3.2.stable.official - https://godotengine.org
OpenGL ES 3.0 Renderer: NVIDIA GeForce RTX 3060 Laptop GPU/PCIe/SSE2
OpenGL ES Batching: ON
 
Islands in Q0:
Island 9
Island 6
Island 4
Island 11
Island 15
Island 22
Island 19
Islands in Q1:
Island 19
Island 11
Island 21
Island 12
Island 3
Island 7
Island 14
Islands in Q2:
Island 0
Island 13
Island 14
Island 17
Island 2
Island 8
Islands in Q3:
Island 22
Island 16
Island 5
Island 10
Island 1
Island 13
**ERROR**: Condition "_first != __null" is true.
   At: ./core/self_list.h:112:~List() - Condition "_first != __null" is true.
**ERROR**: Condition "_first != __null" is true.
   At: ./core/self_list.h:112:~List() - Condition "_first != __null" is true.
**WARNING**: ObjectDB instances leaked at exit (run with --verbose for details).
   At: core/object.cpp:2132:cleanup() - ObjectDB instances leaked at exit (run with --verbose for details).
**ERROR**: Resources still in use at exit (run with --verbose for details).
   At: core/resource.cpp:450:clear() - Resources still in use at exit (run with --verbose for details).
**ERROR**: There are still MemoryPool allocs in use at exit!
   At: core/pool_vector.cpp:66:cleanup() - Condition "allocs_used > 0" is true.
