Godot Engine v3.3.2.stable.official - https://godotengine.org
OpenGL ES 3.0 Renderer: NVIDIA GeForce RTX 3060 Laptop GPU/PCIe/SSE2
OpenGL ES Batching: ON
 
Objective Type: ELIMINATE
26
126
Throttle Values: [0, 13.333333, 26.666667, 40]
Loaded a tallship with no ship controller
Throttle Values: [0, 13.333333, 26.666667, 40]
Loaded a tallship with no ship controller
Throttle Values: [0, 13.333333, 26.666667, 40]
Loaded a tallship with no ship controller
Throttle Values: [0, 13.333333, 26.666667, 40]
Loaded a tallship with no ship controller
Throttle Values: [0, 13.333333, 26.666667, 40]
Registered Ship: PatrolShip
Registered Ship: PatrolShip2
Registered Ship: PatrolShip3
Registered Ship: PatrolShip4
Registered Ship: TallShip
Finished Loading Ship
Ship Clicked: PatrolShip
Chose Target
Bullet hit PatrolShip
Mission Phases Resolved: Mission Complete! TODO
[SceneTree:1183]
