Godot Engine v3.2.3.stable.official - https://godotengine.org
OpenGL ES 3.0 Renderer: GeForce RTX 2080 SUPER/PCIe/SSE2
 
Objective Type: ELIMINATE
28
131
Throttle Values: [0, 13.333333, 26.666667, 40]
Loaded a tallship with no ship controller
Throttle Values: [0, 13.333333, 26.666667, 40]
Registered Ship: PatrolShip
Registered Ship: TallShip
Finished Loading Ship
Changed Throttle Setting To 1  ,  0
Changed Throttle Setting To 2  ,  13.333333
Ship Clicked: PatrolShip
Chose Target
Changed Throttle Setting To 1  ,  26.666667
Bullet hit PatrolShip
Objective Type: AREA
Changed Throttle Setting To 2  ,  13.333333
Changed Throttle Setting To 3  ,  26.666667
Changed Throttle Setting To 3  ,  40
Changed Throttle Setting To 3  ,  40
TallShip
Mission Phases Resolved: Mission Complete! TODO
**ERROR**: Condition "_first != __null" is true.
   At: ./core/self_list.h:112:~List() - Condition "_first != __null" is true.
**ERROR**: Condition "_first != __null" is true.
   At: ./core/self_list.h:112:~List() - Condition "_first != __null" is true.
**WARNING**: ObjectDB instances leaked at exit (run with --verbose for details).
   At: core/object.cpp:2135:cleanup() - ObjectDB instances leaked at exit (run with --verbose for details).
**ERROR**: Resources still in use at exit (run with --verbose for details).
   At: core/resource.cpp:477:clear() - Resources still in use at exit (run with --verbose for details).
