Godot Engine v3.3.2.stable.official - https://godotengine.org
OpenGL ES 3.0 Renderer: NVIDIA GeForce RTX 3060 Laptop GPU/PCIe/SSE2
OpenGL ES Batching: ON
 
Objective Type: AREA
Objective Type: AREA
Objective Type: AREA
Objective Type: ELIMINATE
17
101
Throttle Values: [0, 13.333333, 26.666667, 40]
Loaded a tallship with no ship controller
Throttle Values: [0, 13.333333, 26.666667, 40]
Registered Ship: PatrolShip
Registered Ship: TallShip
Finished Loading Ship
Changed Throttle Setting To 1  ,  0
Changed Throttle Setting To 2  ,  13.333333
Changed Throttle Setting To 3  ,  26.666667
Changed Throttle Setting To 3  ,  40
Ship Clicked: PatrolShip
Chose Target
Bullet hit PatrolShip
Bullet hit PatrolShip
**ERROR**: Signal 'objective_completed' is already connected to given method 'onObjectiveComplete' in that object.
   At: core/object.cpp:1512:connect() - Method failed. Returning: ERR_INVALID_PARAMETER
Objective Type: AREA
**ERROR**: Signal 'goal_completed' is already connected to given method 'onGoalComplete' in that object.
   At: core/object.cpp:1512:connect() - Method failed. Returning: ERR_INVALID_PARAMETER
**ERROR**: Signal 'objective_completed' is already connected to given method 'onObjectiveComplete' in that object.
   At: core/object.cpp:1512:connect() - Method failed. Returning: ERR_INVALID_PARAMETER
Objective Type: AREA
**ERROR**: Signal 'goal_completed' is already connected to given method 'onGoalComplete' in that object.
   At: core/object.cpp:1512:connect() - Method failed. Returning: ERR_INVALID_PARAMETER
**ERROR**: Signal 'objective_completed' is already connected to given method 'onObjectiveComplete' in that object.
   At: core/object.cpp:1512:connect() - Method failed. Returning: ERR_INVALID_PARAMETER
Objective Type: AREA
**ERROR**: Signal 'goal_completed' is already connected to given method 'onGoalComplete' in that object.
   At: core/object.cpp:1512:connect() - Method failed. Returning: ERR_INVALID_PARAMETER
TallShip
**ERROR**: Attempted method call on a deleted object.
   At: core/variant_call.cpp:1142:call_ptr() - Attempted method call on a deleted object.
