Godot Engine v3.2.3.stable.official - https://godotengine.org
OpenGL ES 3.0 Renderer: GeForce RTX 2080 SUPER/PCIe/SSE2
 
Finished Loading Ship
Check data drop
Check data drop
Check data drop
Can slot accept {turret_icon:[StreamTexture:1245], turret_type:ballista}?
Can slot accept {turret_icon:[StreamTexture:1245], turret_type:ballista}?
Can slot accept {turret_icon:[StreamTexture:1245], turret_type:ballista}?
Can slot accept {turret_icon:[StreamTexture:1245], turret_type:ballista}?
Can slot accept {turret_icon:[StreamTexture:1245], turret_type:ballista}?
Can slot accept {turret_icon:[StreamTexture:1245], turret_type:ballista}?
Can slot accept {turret_icon:[StreamTexture:1245], turret_type:ballista}?
Can slot accept {turret_icon:[StreamTexture:1245], turret_type:ballista}?
Can slot accept {turret_icon:[StreamTexture:1245], turret_type:ballista}?
Can slot accept {turret_icon:[StreamTexture:1245], turret_type:ballista}?
Can slot accept {turret_icon:[StreamTexture:1245], turret_type:ballista}?
Can slot accept {turret_icon:[StreamTexture:1245], turret_type:ballista}?
Can slot accept {turret_icon:[StreamTexture:1245], turret_type:ballista}?
Can slot accept {turret_icon:[StreamTexture:1245], turret_type:ballista}?
Acquired data: {turret_icon:[StreamTexture:1245], turret_type:ballista}
Objective Type: ESCORT
Objective Type: ELIMINATE
Objective Type: ELIMINATE
Objective Type: ELIMINATE
Objective Type: ELIMINATE
Registered Ship: PatrolShip
Registered Ship: PatrolShip2
Registered Ship: PatrolShip3
Registered Ship: PatrolShip4
Registered Ship: TallShip
6 Islands in Q1:
	Island 7
	Island 9
	Island 3
	Island 4
	Island 10
	Island 12
12 Islands in Q2:
	Island 28
	Island 10
	Island 4
	Island 1
	Island 0
	Island 21
	PatrolShip4
	Island 8
	PatrolShip3
	PatrolShip
	PatrolShip2
	Island 14
8 Islands in Q3:
	Island 13
	Island 19
	Island 11
	Island 8
	Island 14
	Island 17
	TallShip
	Island 5
8 Islands in Q4:
	Island 2
	Island 10
	Island 3
	Island 12
	Island 24
	Island 6
	Island 13
	Island 15
Bullet hit Island 14
Bullet hit Island 14
Bullet hit Island 14
Bullet hit Island 14
Bullet hit Island 14
Bullet hit TallShip
Bullet hit Island 14
Bullet hit Island 14
Bullet hit Island 14
Bullet hit PatrolShip2
Bullet hit PatrolShip2
Bullet hit Island 14
Bullet hit PatrolShip2
Bullet hit PatrolShip2
Bullet hit TallShip
Bullet hit Island 14
Bullet hit Island 14
Bullet hit Island 14
Bullet hit Island 14
Bullet hit Island 14
Bullet hit Island 14
Bullet hit Island 14
Bullet hit PatrolShip4
Bullet hit Island 14
Bullet hit PatrolShip2
Bullet hit PatrolShip
Bullet hit Island 14
Bullet hit Island 8
Bullet hit PatrolShip2
Bullet hit TallShip
Bullet hit TallShip
Bullet hit PatrolShip
Bullet hit PatrolShip
Bullet hit PatrolShip
Bullet hit TallShip
Bullet hit PatrolShip
Bullet hit TallShip
Bullet hit TallShip
Bullet hit PatrolShip2
Bullet hit PatrolShip2
Bullet hit PatrolShip2
Bullet hit PatrolShip2
Bullet hit TallShip
Bullet hit TallShip
Bullet hit TallShip
Bullet hit TallShip
Bullet hit TallShip
Bullet hit TallShip
Bullet hit TallShip
Bullet hit TallShip
Bullet hit TallShip
Bullet hit TallShip
Bullet hit TallShip
Bullet hit TallShip
Bullet hit PatrolShip4
Bullet hit PatrolShip2
Bullet hit PatrolShip2
Bullet hit PatrolShip2
Bullet hit PatrolShip2
Bullet hit PatrolShip2
Bullet hit PatrolShip2
Bullet hit TallShip
Bullet hit TallShip
Bullet hit TallShip
