Godot Engine v3.2.3.stable.official - https://godotengine.org
OpenGL ES 3.0 Renderer: GeForce RTX 2080 SUPER/PCIe/SSE2
 
Objective Type: AREA
Objective Type: AREA
Objective Type: AREA
Objective Type: AREA
Objective Type: ELIMINATE
24
114
Throttle Values: [0, 13.333333, 26.666667, 40]
Loaded a tallship with no ship controller
Throttle Values: [0, 13.333333, 26.666667, 40]
Registered Ship: PatrolShip
Registered Ship: TallShip
Finished Loading Ship
Ship Clicked: PatrolShip
Bullet hit PatrolShip
Bullet hit PatrolShip
Changed Throttle Setting To 1  ,  0
Changed Throttle Setting To 2  ,  13.333333
Changed Throttle Setting To 3  ,  26.666667
Changed Throttle Setting To 3  ,  40
Changed Throttle Setting To 2  ,  40
Changed Throttle Setting To 1  ,  26.666667
Changed Throttle Setting To 0  ,  13.333333
Changed Throttle Setting To 0  ,  0
Changed Throttle Setting To 1  ,  0
Changed Throttle Setting To 2  ,  13.333333
Changed Throttle Setting To 3  ,  26.666667
Changed Throttle Setting To 3  ,  40
Changed Throttle Setting To 2  ,  40
TallShip
**ERROR**: Signal 'objective_completed' is already connected to given method 'onObjectiveComplete' in that object.
   At: core/object.cpp:1515:connect() - Method failed. Returning: ERR_INVALID_PARAMETER
Objective Type: AREA
**ERROR**: Signal 'goal_completed' is already connected to given method 'onGoalComplete' in that object.
   At: core/object.cpp:1515:connect() - Method failed. Returning: ERR_INVALID_PARAMETER
**ERROR**: Signal 'objective_completed' is already connected to given method 'onObjectiveComplete' in that object.
   At: core/object.cpp:1515:connect() - Method failed. Returning: ERR_INVALID_PARAMETER
Objective Type: AREA
**ERROR**: Signal 'goal_completed' is already connected to given method 'onGoalComplete' in that object.
   At: core/object.cpp:1515:connect() - Method failed. Returning: ERR_INVALID_PARAMETER
**ERROR**: Signal 'objective_completed' is already connected to given method 'onObjectiveComplete' in that object.
   At: core/object.cpp:1515:connect() - Method failed. Returning: ERR_INVALID_PARAMETER
Objective Type: AREA
**ERROR**: Signal 'goal_completed' is already connected to given method 'onGoalComplete' in that object.
   At: core/object.cpp:1515:connect() - Method failed. Returning: ERR_INVALID_PARAMETER
Changed Throttle Setting To 1  ,  26.666667
Changed Throttle Setting To 0  ,  13.333333
Changed Throttle Setting To 0  ,  0
**ERROR**: Condition "_first != __null" is true.
   At: ./core/self_list.h:112:~List() - Condition "_first != __null" is true.
**ERROR**: Condition "_first != __null" is true.
   At: ./core/self_list.h:112:~List() - Condition "_first != __null" is true.
**WARNING**: ObjectDB instances leaked at exit (run with --verbose for details).
   At: core/object.cpp:2135:cleanup() - ObjectDB instances leaked at exit (run with --verbose for details).
**ERROR**: Resources still in use at exit (run with --verbose for details).
   At: core/resource.cpp:477:clear() - Resources still in use at exit (run with --verbose for details).
