Godot Engine v3.2.3.stable.official - https://godotengine.org
OpenGL ES 3.0 Renderer: GeForce RTX 2080 SUPER/PCIe/SSE2
 
Finished Loading Ship
Check data drop
Check data drop
Check data drop
Check data drop
Can slot accept {turret_icon:[StreamTexture:1245], turret_type:ballista}?
Can slot accept {turret_icon:[StreamTexture:1245], turret_type:ballista}?
Can slot accept {turret_icon:[StreamTexture:1245], turret_type:ballista}?
Can slot accept {turret_icon:[StreamTexture:1245], turret_type:ballista}?
Can slot accept {turret_icon:[StreamTexture:1245], turret_type:ballista}?
Can slot accept {turret_icon:[StreamTexture:1245], turret_type:ballista}?
Can slot accept {turret_icon:[StreamTexture:1245], turret_type:ballista}?
Can slot accept {turret_icon:[StreamTexture:1245], turret_type:ballista}?
Acquired data: {turret_icon:[StreamTexture:1245], turret_type:ballista}
Objective Type: ESCORT
Objective Type: ELIMINATE
Objective Type: ELIMINATE
Objective Type: ELIMINATE
Objective Type: ELIMINATE
Registered Ship: PatrolShip
Registered Ship: PatrolShip2
Registered Ship: PatrolShip3
Registered Ship: PatrolShip4
Registered Ship: TallShip
7 Islands in Q1:
	Island 3
	Island 8
	Island 9
	Island 20
	Island 17
	Island 2
	Island 6
9 Islands in Q2:
	Island 10
	Island 26
	Island 4
	Island 14
	PatrolShip4
	PatrolShip3
	PatrolShip
	PatrolShip2
	Island 7
7 Islands in Q3:
	Island 22
	Island 13
	Island 18
	Island 7
	Island 12
	TallShip
	Island 0
6 Islands in Q4:
	Island 2
	Island 6
	Island 11
	Island 1
	Island 5
	Island 13
Bullet hit PatrolShip2
Bullet hit PatrolShip
Bullet hit TallShip
Bullet hit TallShip
Bullet hit TallShip
Bullet hit PatrolShip4
Bullet hit PatrolShip4
Bullet hit PatrolShip4
Bullet hit PatrolShip4
Bullet hit PatrolShip4
Bullet hit TallShip
Bullet hit TallShip
Bullet hit TallShip
Bullet hit Island 12
Bullet hit TallShip
Bullet hit TallShip
Bullet hit TallShip
Bullet hit TallShip
Bullet hit TallShip
Bullet hit TallShip
Bullet hit TallShip
Bullet hit TallShip
**ERROR**: Condition "_first != __null" is true.
   At: ./core/self_list.h:112:~List() - Condition "_first != __null" is true.
**ERROR**: Condition "_first != __null" is true.
   At: ./core/self_list.h:112:~List() - Condition "_first != __null" is true.
**WARNING**: ObjectDB instances leaked at exit (run with --verbose for details).
   At: core/object.cpp:2135:cleanup() - ObjectDB instances leaked at exit (run with --verbose for details).
**ERROR**: Resources still in use at exit (run with --verbose for details).
   At: core/resource.cpp:477:clear() - Resources still in use at exit (run with --verbose for details).
**ERROR**: There are still MemoryPool allocs in use at exit!
   At: core/pool_vector.cpp:69:cleanup() - Condition "allocs_used > 0" is true.
