Godot Engine v3.3.2.stable.official - https://godotengine.org
OpenGL ES 3.0 Renderer: NVIDIA GeForce RTX 3060 Laptop GPU/PCIe/SSE2
OpenGL ES Batching: ON
 
Objective Type: AREA
Objective Type: AREA
Objective Type: AREA
Objective Type: AREA
Objective Type: ELIMINATE
26
149
Throttle Values: [0, 13.333333, 26.666667, 40]
Loaded a tallship with no ship controller
Throttle Values: [0, 13.333333, 26.666667, 40]
Registered Ship: PatrolShip
Registered Ship: TallShip
Finished Loading Ship
Ship Clicked: PatrolShip
Chose Target
Bullet hit PatrolShip
Bullet hit PatrolShip
**ERROR**: Disconnecting nonexistent signal 'disable_target', slot: 1304:clearTarget.
   At: core/object.cpp:1576:_disconnect() - Condition "!s->slot_map.has(target)" is true.
Cleared Target
