Godot Engine v3.3.2.stable.official - https://godotengine.org
OpenGL ES 3.0 Renderer: NVIDIA GeForce RTX 3060 Laptop GPU/PCIe/SSE2
OpenGL ES Batching: ON
 
Objective Type: AREA
Objective Type: AREA
Objective Type: AREA
Objective Type: AREA
Objective Type: ELIMINATE
18
88
Throttle Values: [0, 13.333333, 26.666667, 40]
Loaded a tallship with no ship controller
Throttle Values: [0, 13.333333, 26.666667, 40]
Registered Ship: PatrolShip
Registered Ship: TallShip
Finished Loading Ship
Ship Clicked: PatrolShip
Chose Target
Bullet hit PatrolShip
Bullet hit PatrolShip
Changed Throttle Setting To 1  ,  0
Changed Throttle Setting To 2  ,  13.333333
Changed Throttle Setting To 3  ,  26.666667
Changed Throttle Setting To 3  ,  40
TallShip
**ERROR**: Error calling method from signal 'goal_completed': 'Reference::onGoalComplete': Method expected 1 arguments, but called with 0..
   At: core/object.cpp:1257:emit_signal() - Error calling method from signal 'goal_completed': 'Reference::onGoalComplete': Method expected 1 arguments, but called with 0..
